0 info it worked if it ends with ok
1 verbose cli [ '/usr/local/bin/node',
1 verbose cli   '/usr/local/bin/npm',
1 verbose cli   'install',
1 verbose cli   '-g',
1 verbose cli   'n' ]
2 info using npm@3.10.10
3 info using node@v6.11.5
4 silly loadCurrentTree Starting
5 silly install loadCurrentTree
6 silly install readGlobalPackageData
7 silly fetchPackageMetaData n
8 silly fetchNamedPackageData n
9 silly mapToRegistry name n
10 silly mapToRegistry using default registry
11 silly mapToRegistry registry https://registry.npmjs.org/
12 silly mapToRegistry data Result {
12 silly mapToRegistry   raw: 'n',
12 silly mapToRegistry   scope: null,
12 silly mapToRegistry   escapedName: 'n',
12 silly mapToRegistry   name: 'n',
12 silly mapToRegistry   rawSpec: '',
12 silly mapToRegistry   spec: 'latest',
12 silly mapToRegistry   type: 'tag' }
13 silly mapToRegistry uri https://registry.npmjs.org/n
14 verbose request uri https://registry.npmjs.org/n
15 verbose request no auth needed
16 info attempt registry request try #1 at 08:49:16
17 verbose request id 3bf21c2a0927cd31
18 http request GET https://registry.npmjs.org/n
19 http 200 https://registry.npmjs.org/n
20 verbose headers { 'content-type': 'application/json; charset=UTF-8',
20 verbose headers   server: 'UploadServer',
20 verbose headers   'cache-control': 'max-age=300',
20 verbose headers   'last-modified': 'Sat, 10 Feb 2018 14:43:06 GMT',
20 verbose headers   etag: '"5a7f04fa-11737"',
20 verbose headers   'x-npm-region': 'SA-East',
20 verbose headers   'content-encoding': 'gzip',
20 verbose headers   'content-length': '11943',
20 verbose headers   'accept-ranges': 'bytes',
20 verbose headers   date: 'Thu, 15 Feb 2018 11:49:16 GMT',
20 verbose headers   via: '1.1 varnish',
20 verbose headers   age: '0',
20 verbose headers   connection: 'keep-alive',
20 verbose headers   'x-served-by': 'cache-gig17021-GIG',
20 verbose headers   'x-cache': 'HIT',
20 verbose headers   'x-cache-hits': '1',
20 verbose headers   'x-timer': 'S1518695357.709442,VS0,VE168',
20 verbose headers   vary: 'Accept-Encoding, Accept' }
21 silly get cb [ 200,
21 silly get   { 'content-type': 'application/json; charset=UTF-8',
21 silly get     server: 'UploadServer',
21 silly get     'cache-control': 'max-age=300',
21 silly get     'last-modified': 'Sat, 10 Feb 2018 14:43:06 GMT',
21 silly get     etag: '"5a7f04fa-11737"',
21 silly get     'x-npm-region': 'SA-East',
21 silly get     'content-encoding': 'gzip',
21 silly get     'content-length': '11943',
21 silly get     'accept-ranges': 'bytes',
21 silly get     date: 'Thu, 15 Feb 2018 11:49:16 GMT',
21 silly get     via: '1.1 varnish',
21 silly get     age: '0',
21 silly get     connection: 'keep-alive',
21 silly get     'x-served-by': 'cache-gig17021-GIG',
21 silly get     'x-cache': 'HIT',
21 silly get     'x-cache-hits': '1',
21 silly get     'x-timer': 'S1518695357.709442,VS0,VE168',
21 silly get     vary: 'Accept-Encoding, Accept' } ]
22 verbose get saving n to /Users/victoraraujo/.npm/registry.npmjs.org/n/.cache.json
23 verbose correctMkdir /Users/victoraraujo/.npm correctMkdir not in flight; initializing
24 verbose makeDirectory /Users/victoraraujo/.npm creation not in flight; initializing
25 silly makeDirectory /Users/victoraraujo/.npm uid: 501 gid: 20
26 silly install normalizeTree
27 silly loadCurrentTree Finishing
28 silly loadIdealTree Starting
29 silly install loadIdealTree
30 silly cloneCurrentTree Starting
31 silly install cloneCurrentTreeToIdealTree
32 silly cloneCurrentTree Finishing
33 silly loadShrinkwrap Starting
34 silly install loadShrinkwrap
35 silly loadShrinkwrap Finishing
36 silly loadAllDepsIntoIdealTree Starting
37 silly install loadAllDepsIntoIdealTree
38 silly resolveWithNewModule n@2.1.8 checking installable status
39 silly cache add args [ 'n', null ]
40 verbose cache add spec n
41 silly cache add parsed spec Result {
41 silly cache add   raw: 'n',
41 silly cache add   scope: null,
41 silly cache add   escapedName: 'n',
41 silly cache add   name: 'n',
41 silly cache add   rawSpec: '',
41 silly cache add   spec: 'latest',
41 silly cache add   type: 'tag' }
42 silly addNamed n@latest
43 verbose addNamed "latest" is being treated as a dist-tag for n
44 info addNameTag [ 'n', 'latest' ]
45 silly mapToRegistry name n
46 silly mapToRegistry using default registry
47 silly mapToRegistry registry https://registry.npmjs.org/
48 silly mapToRegistry data Result {
48 silly mapToRegistry   raw: 'n',
48 silly mapToRegistry   scope: null,
48 silly mapToRegistry   escapedName: 'n',
48 silly mapToRegistry   name: 'n',
48 silly mapToRegistry   rawSpec: '',
48 silly mapToRegistry   spec: 'latest',
48 silly mapToRegistry   type: 'tag' }
49 silly mapToRegistry uri https://registry.npmjs.org/n
50 verbose addNameTag registry:https://registry.npmjs.org/n not in flight; fetching
51 verbose get https://registry.npmjs.org/n not expired, no request
52 silly addNameTag next cb for n with tag latest
53 silly addNamed n@2.1.8
54 verbose addNamed "2.1.8" is a plain semver version for n
55 silly mapToRegistry name n
56 silly mapToRegistry using default registry
57 silly mapToRegistry registry https://registry.npmjs.org/
58 silly mapToRegistry data Result {
58 silly mapToRegistry   raw: 'n',
58 silly mapToRegistry   scope: null,
58 silly mapToRegistry   escapedName: 'n',
58 silly mapToRegistry   name: 'n',
58 silly mapToRegistry   rawSpec: '',
58 silly mapToRegistry   spec: 'latest',
58 silly mapToRegistry   type: 'tag' }
59 silly mapToRegistry uri https://registry.npmjs.org/n
60 verbose addRemoteTarball https://registry.npmjs.org/n/-/n-2.1.8.tgz not in flight; adding
61 verbose addRemoteTarball [ 'https://registry.npmjs.org/n/-/n-2.1.8.tgz',
61 verbose addRemoteTarball   '9b770f6ae0a93c49c64fb614625a63cc5a22d1fd' ]
62 info retry fetch attempt 1 at 08:49:17
63 info attempt registry request try #1 at 08:49:17
64 http fetch GET https://registry.npmjs.org/n/-/n-2.1.8.tgz
65 http fetch 200 https://registry.npmjs.org/n/-/n-2.1.8.tgz
66 silly fetchAndShaCheck shasum 9b770f6ae0a93c49c64fb614625a63cc5a22d1fd
67 verbose addTmpTarball /var/folders/wy/473fz8s567d146m4nv3yyl700000gn/T/npm-39917-c4135f19/registry.npmjs.org/n/-/n-2.1.8.tgz not in flight; adding
68 verbose addTmpTarball already have metadata; skipping unpack for n@2.1.8
69 verbose correctMkdir /Users/victoraraujo/.npm correctMkdir not in flight; initializing
70 silly cache afterAdd n@2.1.8
71 verbose afterAdd /Users/victoraraujo/.npm/n/2.1.8/package/package.json not in flight; writing
72 verbose correctMkdir /Users/victoraraujo/.npm correctMkdir not in flight; initializing
73 verbose afterAdd /Users/victoraraujo/.npm/n/2.1.8/package/package.json written
74 silly loadAllDepsIntoIdealTree Finishing
75 silly loadIdealTree Finishing
76 silly currentTree lib
76 silly currentTree └── n@2.1.8
77 silly idealTree lib
77 silly idealTree └── n@2.1.8
78 silly generateActionsToTake Starting
79 silly install generateActionsToTake
80 warn checkPermissions Missing write access to /usr/local/lib/node_modules/n
81 silly rollbackFailedOptional Starting
82 silly rollbackFailedOptional Finishing
83 silly runTopLevelLifecycles Finishing
84 silly install printInstalled
85 verbose stack Error: EACCES: permission denied, access '/usr/local/lib/node_modules/n'
85 verbose stack     at Error (native)
86 verbose cwd /Users/victoraraujo/Documents/dev/cursos/udemy/react-native/app8
87 error Darwin 17.4.0
88 error argv "/usr/local/bin/node" "/usr/local/bin/npm" "install" "-g" "n"
89 error node v6.11.5
90 error npm  v3.10.10
91 error path /usr/local/lib/node_modules/n
92 error code EACCES
93 error errno -13
94 error syscall access
95 error Error: EACCES: permission denied, access '/usr/local/lib/node_modules/n'
95 error     at Error (native)
95 error  { Error: EACCES: permission denied, access '/usr/local/lib/node_modules/n'
95 error     at Error (native)
95 error   errno: -13,
95 error   code: 'EACCES',
95 error   syscall: 'access',
95 error   path: '/usr/local/lib/node_modules/n' }
96 error Please try running this command again as root/Administrator.
97 verbose exit [ -13, true ]
